running egg_info
writing ../build/planned_path/planned_path.egg-info/PKG-INFO
writing dependency_links to ../build/planned_path/planned_path.egg-info/dependency_links.txt
writing entry points to ../build/planned_path/planned_path.egg-info/entry_points.txt
writing requirements to ../build/planned_path/planned_path.egg-info/requires.txt
writing top-level names to ../build/planned_path/planned_path.egg-info/top_level.txt
reading manifest file '../build/planned_path/planned_path.egg-info/SOURCES.txt'
writing manifest file '../build/planned_path/planned_path.egg-info/SOURCES.txt'
running build
running build_py
copying planned_path/ppath_control.py -> /home/yvxaiver/f1tenth_ws/src/f1tenth_system/build/planned_path/build/lib/planned_path
running install
running install_lib
copying /home/yvxaiver/f1tenth_ws/src/f1tenth_system/build/planned_path/build/lib/planned_path/ppath_control.py -> /home/yvxaiver/f1tenth_ws/src/f1tenth_system/install/planned_path/lib/python3.8/site-packages/planned_path
byte-compiling /home/yvxaiver/f1tenth_ws/src/f1tenth_system/install/planned_path/lib/python3.8/site-packages/planned_path/ppath_control.py to ppath_control.cpython-38.pyc
running install_data
running install_egg_info
removing '/home/yvxaiver/f1tenth_ws/src/f1tenth_system/install/planned_path/lib/python3.8/site-packages/planned_path-0.0.0-py3.8.egg-info' (and everything under it)
Copying ../build/planned_path/planned_path.egg-info to /home/yvxaiver/f1tenth_ws/src/f1tenth_system/install/planned_path/lib/python3.8/site-packages/planned_path-0.0.0-py3.8.egg-info
running install_scripts
Installing ppath script to /home/yvxaiver/f1tenth_ws/src/f1tenth_system/install/planned_path/lib/planned_path
writing list of installed files to '/home/yvxaiver/f1tenth_ws/src/f1tenth_system/build/planned_path/install.log'
