[2.241s] Invoking command in '/home/yvxaiver/f1tenth_ws/src/f1tenth_system/planned_path': PYTHONPATH=/home/yvxaiver/f1tenth_ws/src/f1tenth_system/install/planned_path/lib/python3.8/site-packages:${PYTHONPATH} /usr/bin/python3 setup.py egg_info --egg-base ../build/planned_path build --build-base /home/yvxaiver/f1tenth_ws/src/f1tenth_system/build/planned_path/build install --prefix /home/yvxaiver/f1tenth_ws/src/f1tenth_system/install/planned_path --record /home/yvxaiver/f1tenth_ws/src/f1tenth_system/build/planned_path/install.log --single-version-externally-managed
[2.999s] running egg_info
[3.001s] writing ../build/planned_path/planned_path.egg-info/PKG-INFO
[3.002s] writing dependency_links to ../build/planned_path/planned_path.egg-info/dependency_links.txt
[3.003s] writing entry points to ../build/planned_path/planned_path.egg-info/entry_points.txt
[3.004s] writing requirements to ../build/planned_path/planned_path.egg-info/requires.txt
[3.004s] writing top-level names to ../build/planned_path/planned_path.egg-info/top_level.txt
[3.125s] reading manifest file '../build/planned_path/planned_path.egg-info/SOURCES.txt'
[3.128s] writing manifest file '../build/planned_path/planned_path.egg-info/SOURCES.txt'
[3.129s] running build
[3.129s] running build_py
[3.130s] copying planned_path/ppath_control.py -> /home/yvxaiver/f1tenth_ws/src/f1tenth_system/build/planned_path/build/lib/planned_path
[3.131s] running install
[3.134s] running install_lib
[3.137s] copying /home/yvxaiver/f1tenth_ws/src/f1tenth_system/build/planned_path/build/lib/planned_path/ppath_control.py -> /home/yvxaiver/f1tenth_ws/src/f1tenth_system/install/planned_path/lib/python3.8/site-packages/planned_path
[3.139s] byte-compiling /home/yvxaiver/f1tenth_ws/src/f1tenth_system/install/planned_path/lib/python3.8/site-packages/planned_path/ppath_control.py to ppath_control.cpython-38.pyc
[3.145s] running install_data
[3.147s] running install_egg_info
[3.152s] removing '/home/yvxaiver/f1tenth_ws/src/f1tenth_system/install/planned_path/lib/python3.8/site-packages/planned_path-0.0.0-py3.8.egg-info' (and everything under it)
[3.153s] Copying ../build/planned_path/planned_path.egg-info to /home/yvxaiver/f1tenth_ws/src/f1tenth_system/install/planned_path/lib/python3.8/site-packages/planned_path-0.0.0-py3.8.egg-info
[3.157s] running install_scripts
[3.213s] Installing ppath script to /home/yvxaiver/f1tenth_ws/src/f1tenth_system/install/planned_path/lib/planned_path
[3.215s] writing list of installed files to '/home/yvxaiver/f1tenth_ws/src/f1tenth_system/build/planned_path/install.log'
[3.292s] Invoked command in '/home/yvxaiver/f1tenth_ws/src/f1tenth_system/planned_path' returned '0': PYTHONPATH=/home/yvxaiver/f1tenth_ws/src/f1tenth_system/install/planned_path/lib/python3.8/site-packages:${PYTHONPATH} /usr/bin/python3 setup.py egg_info --egg-base ../build/planned_path build --build-base /home/yvxaiver/f1tenth_ws/src/f1tenth_system/build/planned_path/build install --prefix /home/yvxaiver/f1tenth_ws/src/f1tenth_system/install/planned_path --record /home/yvxaiver/f1tenth_ws/src/f1tenth_system/build/planned_path/install.log --single-version-externally-managed
